\BOOKMARK [0][-]{Doc-Start}{ABSTRAK}{}% 1
\BOOKMARK [0][-]{Doc-Start}{ABSTRACT}{}% 2
\BOOKMARK [0][-]{chapter*.1}{KATA\040PENGANTAR}{}% 3
\BOOKMARK [0][-]{chapter*.2}{DAFTAR\040ISI}{}% 4
\BOOKMARK [0][-]{chapter*.3}{DAFTAR\040TABEL}{}% 5
\BOOKMARK [0][-]{chapter*.4}{DAFTAR\040GAMBAR}{}% 6
\BOOKMARK [0][-]{chapter*.5}{DAFTAR\040KODE\040SUMBER}{}% 7
\BOOKMARK [0][-]{chapter.1}{PENDAHULUAN}{}% 8
\BOOKMARK [1][-]{section.1.1}{Latar\040Belakang}{chapter.1}% 9
\BOOKMARK [1][-]{section.1.2}{Rumusan\040Masalah}{chapter.1}% 10
\BOOKMARK [1][-]{section.1.3}{Batasan\040Masalah}{chapter.1}% 11
\BOOKMARK [1][-]{section.1.4}{Tujuan}{chapter.1}% 12
\BOOKMARK [1][-]{section.1.5}{Metodologi}{chapter.1}% 13
\BOOKMARK [1][-]{section.1.6}{Sistematika\040Penulisan}{chapter.1}% 14
\BOOKMARK [0][-]{chapter.2}{LANDASAN\040TEORI}{}% 15
\BOOKMARK [1][-]{section.2.1}{Definisi\040Umum}{chapter.2}% 16
\BOOKMARK [2][-]{subsection.2.1.1}{Polyalphabetic\040Cipher}{section.2.1}% 17
\BOOKMARK [2][-]{subsection.2.1.2}{Ciphertext}{section.2.1}% 18
\BOOKMARK [2][-]{subsection.2.1.3}{Plaintext}{section.2.1}% 19
\BOOKMARK [2][-]{subsection.2.1.4}{Secret\040Key}{section.2.1}% 20
\BOOKMARK [2][-]{subsection.2.1.5}{Friedman\040test}{section.2.1}% 21
\BOOKMARK [2][-]{subsection.2.1.6}{Kasiski\040Examination}{section.2.1}% 22
\BOOKMARK [2][-]{subsection.2.1.7}{Intersection}{section.2.1}% 23
\BOOKMARK [1][-]{section.2.2}{Deskripsi\040Permasalahan}{chapter.2}% 24
\BOOKMARK [1][-]{section.2.3}{Contoh\040Kasus\040Permasalahan}{chapter.2}% 25
\BOOKMARK [1][-]{section.2.4}{Penyelesaian\040Masalah\040The\040Bytelandian\040Cryptographer\040\(Act\040IV\)}{chapter.2}% 26
\BOOKMARK [0][-]{chapter.3}{DESAIN}{}% 27
\BOOKMARK [1][-]{section.3.1}{Desain\040Umum\040Sistem}{chapter.3}% 28
\BOOKMARK [1][-]{section.3.2}{Desain\040Algoritma}{chapter.3}% 29
\BOOKMARK [2][-]{subsection.3.2.1}{Desain\040fungsi\040SOLVE}{section.3.2}% 30
\BOOKMARK [2][-]{subsection.3.2.2}{Desain\040Fungsi\040VALIDITY}{section.3.2}% 31
\BOOKMARK [0][-]{chapter.4}{IMPLEMENTASI}{}% 32
\BOOKMARK [1][-]{section.4.1}{Lingkungan\040Implementasi}{chapter.4}% 33
\BOOKMARK [1][-]{section.4.2}{Rancangan\040Data}{chapter.4}% 34
\BOOKMARK [2][-]{subsection.4.2.1}{Data\040Masukan}{section.4.2}% 35
\BOOKMARK [2][-]{subsection.4.2.2}{Data\040Keluaran}{section.4.2}% 36
\BOOKMARK [1][-]{section.4.3}{Implementasi\040Algoritma\040dan\040Struktur\040Data}{chapter.4}% 37
\BOOKMARK [2][-]{subsection.4.3.1}{Struktur\040Data\040yang\040Digunakan}{section.4.3}% 38
\BOOKMARK [2][-]{subsection.4.3.2}{Header\040yang\040Diperlukan}{section.4.3}% 39
\BOOKMARK [2][-]{subsection.4.3.3}{Preprocessor\040Directives}{section.4.3}% 40
\BOOKMARK [2][-]{subsection.4.3.4}{Variabel\040Global}{section.4.3}% 41
\BOOKMARK [2][-]{subsection.4.3.5}{Implementasi\040Fungsi\040Main}{section.4.3}% 42
\BOOKMARK [2][-]{subsection.4.3.6}{Implementasi\040Fungsi\040SOLVE}{section.4.3}% 43
\BOOKMARK [2][-]{subsection.4.3.7}{Implementasi\040Fungsi\040VALIDITY}{section.4.3}% 44
\BOOKMARK [0][-]{chapter.5}{UJI\040COBA\040DAN\040EVALUASI}{}% 45
\BOOKMARK [1][-]{section.5.1}{Lingkungan\040Uji\040Coba}{chapter.5}% 46
\BOOKMARK [1][-]{section.5.2}{Uji\040Coba\040Kebenaran}{chapter.5}% 47
\BOOKMARK [1][-]{section.5.3}{Analisa\040Kompleksitas\040Waktu}{chapter.5}% 48
\BOOKMARK [0][-]{chapter.6}{PENUTUP}{}% 49
\BOOKMARK [1][-]{section.6.1}{Kesimpulan}{chapter.6}% 50
\BOOKMARK [1][-]{section.6.2}{Saran}{chapter.6}% 51
\BOOKMARK [0][-]{chapter*.39}{DAFTAR\040PUSTAKA}{}% 52
\BOOKMARK [0][-]{appendix.A}{Lampiran}{}% 53
\BOOKMARK [0][-]{appendix.B}{Hasil\040Percobaan\040dengan\040menggunakan\040Algoritma\040Naive\040dan\040Kasiski\040Examination}{}% 54
\BOOKMARK [0][-]{appendix*.56}{BIODATA\040PENULIS}{}% 55
